New log file opened at Thu Mar 10 15:19:51 GMT 2016 by 6576@JSMITH-WPC
jvm 6576@JSMITH-WPC
jvm vmName=Java HotSpot(TM) 64-Bit Server VM vmVendor=Oracle Corporation vmVersion=25.45-b02
jvm specName=Java Virtual Machine Specification specVendor=Oracle Corporation specVersion=1.8
jvm arguments: [-Xms256m, -Xmx1024m, -XX:MetaspaceSize=64m, -XX:MaxMetaspaceSize=256m]
Starting event engine
Starting sbt command engine
Waiting for sbt command engine
Command engine arguments=List()
Command engine baseDirectory=C:\work\finanalysis-play
Command engine initial remaining commands List(--initialize, onFailure load-failed, boot, server-send-ready-for-request, server-handle-next-server-request)
> --initialize
> initialize
> onFailure load-failed
> boot
> reload
[Loading] Scanning directory C:\work\finanalysis-play\project
[Loading] Found non-root projects 
[Loading] Done in C:\work\finanalysis-play\project, returning: ()
deducing auto plugins based on known facts Set(Atom(sbt.plugins.CorePlugin)) and clauses Clauses(List(Clause(Atom(sbt.plugins.JvmPlugin),Set(Atom(sbt.plugins.IvyPlugin))), Clause(Atom(sbt.plugins.JUnitXmlReportPlugin),Set(Atom(sbt.plugins.JvmPlugin))), Clause(Atom(sbt.plugins.CorePlugin),Set(Atom(sbt.plugins.IvyPlugin))), Clause(Atom(sbt.plugins.IvyPlugin),Set(Atom(sbt.plugins.JvmPlugin))), Clause(Atom(sbt.plugins.JvmPlugin),Set(Atom(sbt.plugins.JUnitXmlReportPlugin)))))
  :: deduced result: Matched(sbt.plugins.CorePlugin,sbt.plugins.IvyPlugin,sbt.plugins.JvmPlugin,sbt.plugins.JUnitXmlReportPlugin)
sorting: ns: List(sbt.plugins.CorePlugin, sbt.plugins.IvyPlugin, sbt.plugins.JvmPlugin, sbt.plugins.JUnitXmlReportPlugin)
  :: sorting:: found: List(sbt.plugins.CorePlugin) not found List(sbt.plugins.IvyPlugin, sbt.plugins.JvmPlugin, sbt.plugins.JUnitXmlReportPlugin)
  :: sorting:: found: List(sbt.plugins.CorePlugin, sbt.plugins.IvyPlugin) not found List(sbt.plugins.JvmPlugin, sbt.plugins.JUnitXmlReportPlugin)
  :: sorting:: found: List(sbt.plugins.CorePlugin, sbt.plugins.IvyPlugin, sbt.plugins.JvmPlugin) not found List(sbt.plugins.JUnitXmlReportPlugin)
  :: sorting:: found: List(sbt.plugins.CorePlugin, sbt.plugins.IvyPlugin, sbt.plugins.JvmPlugin, sbt.plugins.JUnitXmlReportPlugin) not found List()
  :: sorted deduced result: List(sbt.plugins.CorePlugin, sbt.plugins.IvyPlugin, sbt.plugins.JvmPlugin, sbt.plugins.JUnitXmlReportPlugin)
[Loading] Done in C:\work\finanalysis-play\project, returning: (finanalysis-play-build)
Loading project definition from C:\work\finanalysis-play\project
Running task... Cancel: sbt.TaskCancellationStrategy$Null$@5d7f2458, check cycles: false

Initial source changes: 
	removed:Set()
	added: Set()
	modified: Set()
Removed products: Set()
External API changes: API Changes: Set()
Modified binary dependencies: Set()
Initial directly invalidated sources: Set()

Sources indirectly invalidated by:
	product: Set()
	binary dep: Set()
	external source: Set()
All initially invalidated sources: Set()

Copy resource mappings: 
	
[Loading] Scanning directory C:\work\finanalysis-play
[Loading] Found root project root w/ remaining 
deducing auto plugins based on known facts Set(Atom(play.sbt.PlayScala), Atom(com.typesafe.sbt.web.SbtWeb), Atom(sbt.plugins.CorePlugin)) and clauses Clauses(List(Clause(Atom(sbt.plugins.JvmPlugin),Set(Atom(sbt.plugins.IvyPlugin))), Clause(Atom(sbt.plugins.JUnitXmlReportPlugin),Set(Atom(sbt.plugins.JvmPlugin))), Clause(Atom(play.sbt.forkrun.PlayForkRun),Set(Atom(sbt.plugins.BackgroundRunPlugin))), Clause(Atom(play.sbt.forkrun.PlayForkRun),Set(Atom(play.sbt.Play))), Clause(Atom(play.sbt.forkrun.PlayForkRun),Set(Atom(sbt.plugins.SerializersPlugin))), Clause(Atom(play.sbt.Play),Set(Atom(com.typesafe.sbt.packager.archetypes.JavaServerAppPackaging))), Clause(Atom(play.sbt.Play),Set(Atom(play.sbt.routes.RoutesCompiler))), Clause(Atom(play.sbt.Play),Set(Atom(play.twirl.sbt.SbtTwirl))), Clause(Atom(play.sbt.Play),Set(Atom(com.typesafe.sbt.jse.SbtJsTask))), Clause(Atom(play.sbt.PlayAkkaHttpServer),Set(Atom(play.sbt.Play))), Clause(Atom(play.sbt.PlayJava),Set(Atom(play.sbt.Play))), Clause(Atom(play.sbt.PlayLayoutPlugin),Set(Atom(play.sbt.Play))), Clause(Atom(play.sbt.PlayNettyServer),Set(Atom(play.sbt.Play))), Clause(Atom(play.sbt.PlayScala),Set(Atom(play.sbt.Play))), Clause(Atom(play.sbt.routes.RoutesCompiler),Set(Atom(sbt.plugins.JvmPlugin))), Clause(Atom(play.twirl.sbt.SbtTwirl),Set(Atom(sbt.plugins.JvmPlugin))), Clause(Atom(com.typesafe.sbt.packager.archetypes.AkkaAppPackaging),Set(Atom(com.typesafe.sbt.packager.archetypes.JavaAppPackaging))), Clause(Atom(com.typesafe.sbt.packager.archetypes.JavaAppPackaging),Set(Atom(com.typesafe.sbt.packager.windows.WindowsPlugin))), Clause(Atom(com.typesafe.sbt.packager.archetypes.JavaAppPackaging),Set(Atom(com.typesafe.sbt.packager.docker.DockerPlugin))), Clause(Atom(com.typesafe.sbt.packager.archetypes.JavaAppPackaging),Set(Atom(com.typesafe.sbt.packager.debian.DebianPlugin))), Clause(Atom(com.typesafe.sbt.packager.archetypes.JavaAppPackaging),Set(Atom(com.typesafe.sbt.packager.rpm.RpmPlugin))), Clause(Atom(com.typesafe.sbt.packager.archetypes.JavaServerAppPackaging),Set(Atom(com.typesafe.sbt.packager.archetypes.JavaAppPackaging))), Clause(Atom(com.typesafe.sbt.packager.archetypes.jar.ClasspathJarPlugin),Set(Atom(com.typesafe.sbt.packager.archetypes.JavaAppPackaging))), Clause(Atom(com.typesafe.sbt.packager.archetypes.jar.LauncherJarPlugin),Set(Atom(com.typesafe.sbt.packager.archetypes.JavaAppPackaging))), Clause(Atom(com.typesafe.sbt.packager.debian.DebianDeployPlugin),Set(Atom(com.typesafe.sbt.packager.debian.DebianPlugin))), Clause(Atom(com.typesafe.sbt.packager.debian.DebianPlugin),Set(Atom(com.typesafe.sbt.packager.linux.LinuxPlugin))), Clause(Atom(com.typesafe.sbt.packager.debian.JDebPackaging),Set(Atom(com.typesafe.sbt.packager.debian.DebianPlugin))), Clause(Atom(com.typesafe.sbt.packager.docker.DockerPlugin),Set(Atom(com.typesafe.sbt.packager.universal.UniversalPlugin))), Clause(Atom(com.typesafe.sbt.packager.jdkpackager.JDKPackagerDeployPlugin),Set(Atom(com.typesafe.sbt.packager.jdkpackager.JDKPackagerPlugin))), Clause(Atom(com.typesafe.sbt.packager.jdkpackager.JDKPackagerPlugin),Set(Atom(com.typesafe.sbt.packager.archetypes.JavaAppPackaging))), Clause(Atom(com.typesafe.sbt.packager.jdkpackager.JDKPackagerPlugin),Set(Atom(com.typesafe.sbt.packager.archetypes.jar.ClasspathJarPlugin))), Clause(Atom(com.typesafe.sbt.packager.linux.LinuxPlugin),Set(Atom(com.typesafe.sbt.packager.universal.UniversalPlugin))), Clause(Atom(com.typesafe.sbt.packager.rpm.RpmDeployPlugin),Set(Atom(com.typesafe.sbt.packager.rpm.RpmPlugin))), Clause(Atom(com.typesafe.sbt.packager.rpm.RpmPlugin),Set(Atom(com.typesafe.sbt.packager.linux.LinuxPlugin))), Clause(Atom(com.typesafe.sbt.packager.universal.UniversalDeployPlugin),Set(Atom(com.typesafe.sbt.packager.universal.UniversalPlugin))), Clause(Atom(com.typesafe.sbt.packager.universal.UniversalPlugin),Set(Atom(com.typesafe.sbt.SbtNativePackager))), Clause(Atom(com.typesafe.sbt.packager.windows.WindowsDeployPlugin),Set(Atom(com.typesafe.sbt.packager.windows.WindowsPlugin))), Clause(Atom(com.typesafe.sbt.packager.windows.WindowsPlugin),Set(Atom(com.typesafe.sbt.packager.universal.UniversalPlugin))), Clause(Atom(com.typesafe.sbt.web.SbtWeb),Set(Atom(sbt.plugins.JvmPlugin))), Clause(Atom(com.typesafe.sbt.jse.SbtJsTask),Set(Atom(com.typesafe.sbt.jse.SbtJsEngine))), Clause(Atom(sbt.plugins.BackgroundRunPlugin),Set(Atom(sbt.plugins.JvmPlugin))), Clause(Atom(com.typesafe.sbt.coffeescript.SbtCoffeeScript),Set(Atom(com.typesafe.sbt.jse.SbtJsTask))), Clause(Atom(com.typesafe.sbt.less.SbtLess),Set(Atom(com.typesafe.sbt.jse.SbtJsTask))), Clause(Atom(com.typesafe.sbt.jshint.SbtJSHint),Set(Atom(com.typesafe.sbt.jse.SbtJsTask))), Clause(Atom(com.typesafe.sbt.rjs.SbtRjs),Set(Atom(com.typesafe.sbt.jse.SbtJsTask))), Clause(Atom(com.typesafe.sbt.mocha.SbtMocha),Set(Atom(com.typesafe.sbt.jse.SbtJsTask))), Clause(Atom(com.github.ddispaltro.reactjs.SbtReactJs),Set(Atom(com.typesafe.sbt.jse.SbtJsTask))), Clause(Atom(sbt.plugins.CorePlugin),Set(Atom(sbt.plugins.IvyPlugin))), Clause(Atom(sbt.plugins.IvyPlugin),Set(Atom(sbt.plugins.JvmPlugin))), Clause(Atom(sbt.plugins.JvmPlugin),Set(Atom(sbt.plugins.JUnitXmlReportPlugin))), Clause(And(Set(Atom(sbt.plugins.BackgroundRunPlugin), Atom(play.sbt.Play), Atom(sbt.plugins.SerializersPlugin))),Set(Atom(play.sbt.forkrun.PlayForkRun))), Clause(Atom(play.sbt.Play),Set(Atom(play.sbt.PlayLayoutPlugin))), Clause(Atom(play.sbt.Play),Set(Atom(play.sbt.PlayNettyServer))), Clause(Atom(com.typesafe.sbt.web.SbtWeb),Set(Atom(com.typesafe.sbt.jse.SbtJsEngine))), Clause(Atom(com.typesafe.sbt.jse.SbtJsEngine),Set(Atom(com.typesafe.sbt.jse.SbtJsTask))), Clause(Atom(sbt.plugins.JvmPlugin),Set(Atom(sbt.plugins.BackgroundRunPlugin))), Clause(Atom(sbt.plugins.CorePlugin),Set(Atom(sbt.plugins.InteractionServicePlugin))), Clause(Atom(sbt.plugins.CorePlugin),Set(Atom(sbt.plugins.SendEventServicePlugin))), Clause(Atom(sbt.plugins.CorePlugin),Set(Atom(sbt.plugins.SerializersPlugin))), Clause(Atom(com.typesafe.sbt.jse.SbtJsTask),Set(Atom(com.typesafe.sbt.coffeescript.SbtCoffeeScript))), Clause(Atom(com.typesafe.sbt.jse.SbtJsTask),Set(Atom(com.typesafe.sbt.less.SbtLess))), Clause(Atom(com.typesafe.sbt.jse.SbtJsTask),Set(Atom(com.typesafe.sbt.jshint.SbtJSHint))), Clause(Atom(com.typesafe.sbt.jse.SbtJsTask),Set(Atom(com.typesafe.sbt.rjs.SbtRjs))), Clause(Atom(com.typesafe.sbt.web.SbtWeb),Set(Atom(com.typesafe.sbt.digest.SbtDigest))), Clause(Atom(com.typesafe.sbt.jse.SbtJsTask),Set(Atom(com.typesafe.sbt.mocha.SbtMocha))), Clause(Atom(com.typesafe.sbt.jse.SbtJsTask),Set(Atom(com.github.ddispaltro.reactjs.SbtReactJs)))))
  :: deduced result: Matched(sbt.plugins.CorePlugin,com.typesafe.sbt.web.SbtWeb,play.sbt.PlayScala,com.typesafe.sbt.digest.SbtDigest,sbt.plugins.JvmPlugin,sbt.plugins.InteractionServicePlugin,sbt.plugins.SendEventServicePlugin,play.sbt.Play,sbt.plugins.SerializersPlugin,sbt.plugins.IvyPlugin,com.typesafe.sbt.jse.SbtJsEngine,com.typesafe.sbt.packager.archetypes.JavaServerAppPackaging,play.twirl.sbt.SbtTwirl,play.sbt.PlayNettyServer,sbt.plugins.JUnitXmlReportPlugin,play.sbt.PlayLayoutPlugin,play.sbt.routes.RoutesCompiler,com.typesafe.sbt.jse.SbtJsTask,sbt.plugins.BackgroundRunPlugin,com.typesafe.sbt.jshint.SbtJSHint,com.typesafe.sbt.packager.archetypes.JavaAppPackaging,com.typesafe.sbt.mocha.SbtMocha,com.typesafe.sbt.less.SbtLess,com.github.ddispaltro.reactjs.SbtReactJs,com.typesafe.sbt.rjs.SbtRjs,play.sbt.forkrun.PlayForkRun,com.typesafe.sbt.coffeescript.SbtCoffeeScript,com.typesafe.sbt.packager.rpm.RpmPlugin,com.typesafe.sbt.packager.debian.DebianPlugin,com.typesafe.sbt.packager.docker.DockerPlugin,com.typesafe.sbt.packager.windows.WindowsPlugin,com.typesafe.sbt.packager.universal.UniversalPlugin,com.typesafe.sbt.packager.linux.LinuxPlugin,com.typesafe.sbt.SbtNativePackager)
sorting: ns: List(sbt.plugins.CorePlugin, com.typesafe.sbt.web.SbtWeb, play.sbt.PlayScala, com.typesafe.sbt.digest.SbtDigest, sbt.plugins.JvmPlugin, sbt.plugins.InteractionServicePlugin, sbt.plugins.SendEventServicePlugin, play.sbt.Play, sbt.plugins.SerializersPlugin, sbt.plugins.IvyPlugin, com.typesafe.sbt.jse.SbtJsEngine, com.typesafe.sbt.packager.archetypes.JavaServerAppPackaging, play.twirl.sbt.SbtTwirl, play.sbt.PlayNettyServer, sbt.plugins.JUnitXmlReportPlugin, play.sbt.PlayLayoutPlugin, play.sbt.routes.RoutesCompiler, com.typesafe.sbt.jse.SbtJsTask, sbt.plugins.BackgroundRunPlugin, com.typesafe.sbt.jshint.SbtJSHint, com.typesafe.sbt.packager.archetypes.JavaAppPackaging, com.typesafe.sbt.mocha.SbtMocha, com.typesafe.sbt.less.SbtLess, com.github.ddispaltro.reactjs.SbtReactJs, com.typesafe.sbt.rjs.SbtRjs, play.sbt.forkrun.PlayForkRun, com.typesafe.sbt.coffeescript.SbtCoffeeScript, com.typesafe.sbt.packager.rpm.RpmPlugin, com.typesafe.sbt.packager.debian.DebianPlugin, com.typesafe.sbt.packager.docker.DockerPlugin, com.typesafe.sbt.packager.windows.WindowsPlugin, com.typesafe.sbt.packager.universal.UniversalPlugin, com.typesafe.sbt.packager.linux.LinuxPlugin, com.typesafe.sbt.SbtNativePackager)
  :: sorting:: found: List(sbt.plugins.CorePlugin, com.typesafe.sbt.SbtNativePackager) not found List(com.typesafe.sbt.web.SbtWeb, play.sbt.PlayScala, com.typesafe.sbt.digest.SbtDigest, sbt.plugins.JvmPlugin, sbt.plugins.InteractionServicePlugin, sbt.plugins.SendEventServicePlugin, play.sbt.Play, sbt.plugins.SerializersPlugin, sbt.plugins.IvyPlugin, com.typesafe.sbt.jse.SbtJsEngine, com.typesafe.sbt.packager.archetypes.JavaServerAppPackaging, play.twirl.sbt.SbtTwirl, play.sbt.PlayNettyServer, sbt.plugins.JUnitXmlReportPlugin, play.sbt.PlayLayoutPlugin, play.sbt.routes.RoutesCompiler, com.typesafe.sbt.jse.SbtJsTask, sbt.plugins.BackgroundRunPlugin, com.typesafe.sbt.jshint.SbtJSHint, com.typesafe.sbt.packager.archetypes.JavaAppPackaging, com.typesafe.sbt.mocha.SbtMocha, com.typesafe.sbt.less.SbtLess, com.github.ddispaltro.reactjs.SbtReactJs, com.typesafe.sbt.rjs.SbtRjs, play.sbt.forkrun.PlayForkRun, com.typesafe.sbt.coffeescript.SbtCoffeeScript, com.typesafe.sbt.packager.rpm.RpmPlugin, com.typesafe.sbt.packager.debian.DebianPlugin, com.typesafe.sbt.packager.docker.DockerPlugin, com.typesafe.sbt.packager.windows.WindowsPlugin, com.typesafe.sbt.packager.universal.UniversalPlugin, com.typesafe.sbt.packager.linux.LinuxPlugin)
  :: sorting:: found: List(sbt.plugins.CorePlugin, com.typesafe.sbt.SbtNativePackager, sbt.plugins.InteractionServicePlugin, sbt.plugins.SendEventServicePlugin, sbt.plugins.SerializersPlugin, sbt.plugins.IvyPlugin, com.typesafe.sbt.packager.universal.UniversalPlugin) not found List(com.typesafe.sbt.web.SbtWeb, play.sbt.PlayScala, com.typesafe.sbt.digest.SbtDigest, sbt.plugins.JvmPlugin, play.sbt.Play, com.typesafe.sbt.jse.SbtJsEngine, com.typesafe.sbt.packager.archetypes.JavaServerAppPackaging, play.twirl.sbt.SbtTwirl, play.sbt.PlayNettyServer, sbt.plugins.JUnitXmlReportPlugin, play.sbt.PlayLayoutPlugin, play.sbt.routes.RoutesCompiler, com.typesafe.sbt.jse.SbtJsTask, sbt.plugins.BackgroundRunPlugin, com.typesafe.sbt.jshint.SbtJSHint, com.typesafe.sbt.packager.archetypes.JavaAppPackaging, com.typesafe.sbt.mocha.SbtMocha, com.typesafe.sbt.less.SbtLess, com.github.ddispaltro.reactjs.SbtReactJs, com.typesafe.sbt.rjs.SbtRjs, play.sbt.forkrun.PlayForkRun, com.typesafe.sbt.coffeescript.SbtCoffeeScript, com.typesafe.sbt.packager.rpm.RpmPlugin, com.typesafe.sbt.packager.debian.DebianPlugin, com.typesafe.sbt.packager.docker.DockerPlugin, com.typesafe.sbt.packager.windows.WindowsPlugin, com.typesafe.sbt.packager.linux.LinuxPlugin)
  :: sorting:: found: List(sbt.plugins.CorePlugin, com.typesafe.sbt.SbtNativePackager, sbt.plugins.InteractionServicePlugin, sbt.plugins.SendEventServicePlugin, sbt.plugins.SerializersPlugin, sbt.plugins.IvyPlugin, com.typesafe.sbt.packager.universal.UniversalPlugin, sbt.plugins.JvmPlugin, com.typesafe.sbt.packager.docker.DockerPlugin, com.typesafe.sbt.packager.windows.WindowsPlugin, com.typesafe.sbt.packager.linux.LinuxPlugin) not found List(com.typesafe.sbt.web.SbtWeb, play.sbt.PlayScala, com.typesafe.sbt.digest.SbtDigest, play.sbt.Play, com.typesafe.sbt.jse.SbtJsEngine, com.typesafe.sbt.packager.archetypes.JavaServerAppPackaging, play.twirl.sbt.SbtTwirl, play.sbt.PlayNettyServer, sbt.plugins.JUnitXmlReportPlugin, play.sbt.PlayLayoutPlugin, play.sbt.routes.RoutesCompiler, com.typesafe.sbt.jse.SbtJsTask, sbt.plugins.BackgroundRunPlugin, com.typesafe.sbt.jshint.SbtJSHint, com.typesafe.sbt.packager.archetypes.JavaAppPackaging, com.typesafe.sbt.mocha.SbtMocha, com.typesafe.sbt.less.SbtLess, com.github.ddispaltro.reactjs.SbtReactJs, com.typesafe.sbt.rjs.SbtRjs, play.sbt.forkrun.PlayForkRun, com.typesafe.sbt.coffeescript.SbtCoffeeScript, com.typesafe.sbt.packager.rpm.RpmPlugin, com.typesafe.sbt.packager.debian.DebianPlugin)
  :: sorting:: found: List(sbt.plugins.CorePlugin, com.typesafe.sbt.SbtNativePackager, sbt.plugins.InteractionServicePlugin, sbt.plugins.SendEventServicePlugin, sbt.plugins.SerializersPlugin, sbt.plugins.IvyPlugin, com.typesafe.sbt.packager.universal.UniversalPlugin, sbt.plugins.JvmPlugin, com.typesafe.sbt.packager.docker.DockerPlugin, com.typesafe.sbt.packager.windows.WindowsPlugin, com.typesafe.sbt.packager.linux.LinuxPlugin, com.typesafe.sbt.web.SbtWeb, play.twirl.sbt.SbtTwirl, sbt.plugins.JUnitXmlReportPlugin, play.sbt.routes.RoutesCompiler, sbt.plugins.BackgroundRunPlugin, com.typesafe.sbt.packager.rpm.RpmPlugin, com.typesafe.sbt.packager.debian.DebianPlugin) not found List(play.sbt.PlayScala, com.typesafe.sbt.digest.SbtDigest, play.sbt.Play, com.typesafe.sbt.jse.SbtJsEngine, com.typesafe.sbt.packager.archetypes.JavaServerAppPackaging, play.sbt.PlayNettyServer, play.sbt.PlayLayoutPlugin, com.typesafe.sbt.jse.SbtJsTask, com.typesafe.sbt.jshint.SbtJSHint, com.typesafe.sbt.packager.archetypes.JavaAppPackaging, com.typesafe.sbt.mocha.SbtMocha, com.typesafe.sbt.less.SbtLess, com.github.ddispaltro.reactjs.SbtReactJs, com.typesafe.sbt.rjs.SbtRjs, play.sbt.forkrun.PlayForkRun, com.typesafe.sbt.coffeescript.SbtCoffeeScript)
  :: sorting:: found: List(sbt.plugins.CorePlugin, com.typesafe.sbt.SbtNativePackager, sbt.plugins.InteractionServicePlugin, sbt.plugins.SendEventServicePlugin, sbt.plugins.SerializersPlugin, sbt.plugins.IvyPlugin, com.typesafe.sbt.packager.universal.UniversalPlugin, sbt.plugins.JvmPlugin, com.typesafe.sbt.packager.docker.DockerPlugin, com.typesafe.sbt.packager.windows.WindowsPlugin, com.typesafe.sbt.packager.linux.LinuxPlugin, com.typesafe.sbt.web.SbtWeb, play.twirl.sbt.SbtTwirl, sbt.plugins.JUnitXmlReportPlugin, play.sbt.routes.RoutesCompiler, sbt.plugins.BackgroundRunPlugin, com.typesafe.sbt.packager.rpm.RpmPlugin, com.typesafe.sbt.packager.debian.DebianPlugin, com.typesafe.sbt.digest.SbtDigest, com.typesafe.sbt.jse.SbtJsEngine, com.typesafe.sbt.packager.archetypes.JavaAppPackaging) not found List(play.sbt.PlayScala, play.sbt.Play, com.typesafe.sbt.packager.archetypes.JavaServerAppPackaging, play.sbt.PlayNettyServer, play.sbt.PlayLayoutPlugin, com.typesafe.sbt.jse.SbtJsTask, com.typesafe.sbt.jshint.SbtJSHint, com.typesafe.sbt.mocha.SbtMocha, com.typesafe.sbt.less.SbtLess, com.github.ddispaltro.reactjs.SbtReactJs, com.typesafe.sbt.rjs.SbtRjs, play.sbt.forkrun.PlayForkRun, com.typesafe.sbt.coffeescript.SbtCoffeeScript)
  :: sorting:: found: List(sbt.plugins.CorePlugin, com.typesafe.sbt.SbtNativePackager, sbt.plugins.InteractionServicePlugin, sbt.plugins.SendEventServicePlugin, sbt.plugins.SerializersPlugin, sbt.plugins.IvyPlugin, com.typesafe.sbt.packager.universal.UniversalPlugin, sbt.plugins.JvmPlugin, com.typesafe.sbt.packager.docker.DockerPlugin, com.typesafe.sbt.packager.windows.WindowsPlugin, com.typesafe.sbt.packager.linux.LinuxPlugin, com.typesafe.sbt.web.SbtWeb, play.twirl.sbt.SbtTwirl, sbt.plugins.JUnitXmlReportPlugin, play.sbt.routes.RoutesCompiler, sbt.plugins.BackgroundRunPlugin, com.typesafe.sbt.packager.rpm.RpmPlugin, com.typesafe.sbt.packager.debian.DebianPlugin, com.typesafe.sbt.digest.SbtDigest, com.typesafe.sbt.jse.SbtJsEngine, com.typesafe.sbt.packager.archetypes.JavaAppPackaging, com.typesafe.sbt.packager.archetypes.JavaServerAppPackaging, com.typesafe.sbt.jse.SbtJsTask) not found List(play.sbt.PlayScala, play.sbt.Play, play.sbt.PlayNettyServer, play.sbt.PlayLayoutPlugin, com.typesafe.sbt.jshint.SbtJSHint, com.typesafe.sbt.mocha.SbtMocha, com.typesafe.sbt.less.SbtLess, com.github.ddispaltro.reactjs.SbtReactJs, com.typesafe.sbt.rjs.SbtRjs, play.sbt.forkrun.PlayForkRun, com.typesafe.sbt.coffeescript.SbtCoffeeScript)
  :: sorting:: found: List(sbt.plugins.CorePlugin, com.typesafe.sbt.SbtNativePackager, sbt.plugins.InteractionServicePlugin, sbt.plugins.SendEventServicePlugin, sbt.plugins.SerializersPlugin, sbt.plugins.IvyPlugin, com.typesafe.sbt.packager.universal.UniversalPlugin, sbt.plugins.JvmPlugin, com.typesafe.sbt.packager.docker.DockerPlugin, com.typesafe.sbt.packager.windows.WindowsPlugin, com.typesafe.sbt.packager.linux.LinuxPlugin, com.typesafe.sbt.web.SbtWeb, play.twirl.sbt.SbtTwirl, sbt.plugins.JUnitXmlReportPlugin, play.sbt.routes.RoutesCompiler, sbt.plugins.BackgroundRunPlugin, com.typesafe.sbt.packager.rpm.RpmPlugin, com.typesafe.sbt.packager.debian.DebianPlugin, com.typesafe.sbt.digest.SbtDigest, com.typesafe.sbt.jse.SbtJsEngine, com.typesafe.sbt.packager.archetypes.JavaAppPackaging, com.typesafe.sbt.packager.archetypes.JavaServerAppPackaging, com.typesafe.sbt.jse.SbtJsTask, play.sbt.Play, com.typesafe.sbt.jshint.SbtJSHint, com.typesafe.sbt.mocha.SbtMocha, com.typesafe.sbt.less.SbtLess, com.github.ddispaltro.reactjs.SbtReactJs, com.typesafe.sbt.rjs.SbtRjs, com.typesafe.sbt.coffeescript.SbtCoffeeScript) not found List(play.sbt.PlayScala, play.sbt.PlayNettyServer, play.sbt.PlayLayoutPlugin, play.sbt.forkrun.PlayForkRun)
  :: sorting:: found: List(sbt.plugins.CorePlugin, com.typesafe.sbt.SbtNativePackager, sbt.plugins.InteractionServicePlugin, sbt.plugins.SendEventServicePlugin, sbt.plugins.SerializersPlugin, sbt.plugins.IvyPlugin, com.typesafe.sbt.packager.universal.UniversalPlugin, sbt.plugins.JvmPlugin, com.typesafe.sbt.packager.docker.DockerPlugin, com.typesafe.sbt.packager.windows.WindowsPlugin, com.typesafe.sbt.packager.linux.LinuxPlugin, com.typesafe.sbt.web.SbtWeb, play.twirl.sbt.SbtTwirl, sbt.plugins.JUnitXmlReportPlugin, play.sbt.routes.RoutesCompiler, sbt.plugins.BackgroundRunPlugin, com.typesafe.sbt.packager.rpm.RpmPlugin, com.typesafe.sbt.packager.debian.DebianPlugin, com.typesafe.sbt.digest.SbtDigest, com.typesafe.sbt.jse.SbtJsEngine, com.typesafe.sbt.packager.archetypes.JavaAppPackaging, com.typesafe.sbt.packager.archetypes.JavaServerAppPackaging, com.typesafe.sbt.jse.SbtJsTask, play.sbt.Play, com.typesafe.sbt.jshint.SbtJSHint, com.typesafe.sbt.mocha.SbtMocha, com.typesafe.sbt.less.SbtLess, com.github.ddispaltro.reactjs.SbtReactJs, com.typesafe.sbt.rjs.SbtRjs, com.typesafe.sbt.coffeescript.SbtCoffeeScript, play.sbt.PlayScala, play.sbt.PlayNettyServer, play.sbt.PlayLayoutPlugin, play.sbt.forkrun.PlayForkRun) not found List()
  :: sorted deduced result: List(sbt.plugins.CorePlugin, com.typesafe.sbt.SbtNativePackager, sbt.plugins.InteractionServicePlugin, sbt.plugins.SendEventServicePlugin, sbt.plugins.SerializersPlugin, sbt.plugins.IvyPlugin, com.typesafe.sbt.packager.universal.UniversalPlugin, sbt.plugins.JvmPlugin, com.typesafe.sbt.packager.docker.DockerPlugin, com.typesafe.sbt.packager.windows.WindowsPlugin, com.typesafe.sbt.packager.linux.LinuxPlugin, com.typesafe.sbt.web.SbtWeb, play.twirl.sbt.SbtTwirl, sbt.plugins.JUnitXmlReportPlugin, play.sbt.routes.RoutesCompiler, sbt.plugins.BackgroundRunPlugin, com.typesafe.sbt.packager.rpm.RpmPlugin, com.typesafe.sbt.packager.debian.DebianPlugin, com.typesafe.sbt.digest.SbtDigest, com.typesafe.sbt.jse.SbtJsEngine, com.typesafe.sbt.packager.archetypes.JavaAppPackaging, com.typesafe.sbt.packager.archetypes.JavaServerAppPackaging, com.typesafe.sbt.jse.SbtJsTask, play.sbt.Play, com.typesafe.sbt.jshint.SbtJSHint, com.typesafe.sbt.mocha.SbtMocha, com.typesafe.sbt.less.SbtLess, com.github.ddispaltro.reactjs.SbtReactJs, com.typesafe.sbt.rjs.SbtRjs, com.typesafe.sbt.coffeescript.SbtCoffeeScript, play.sbt.PlayScala, play.sbt.PlayNettyServer, play.sbt.PlayLayoutPlugin, play.sbt.forkrun.PlayForkRun)
[Loading] Done in C:\work\finanalysis-play, returning: (root)
Set current project to finanalysis-play (in build file:/C:/work/finanalysis-play/)
Reapplying settings...
Set current project to finanalysis-play (in build file:/C:/work/finanalysis-play/)
> iflast shell
> server-send-ready-for-request
> server-handle-next-server-request
> {file:/C:/work/finanalysis-play/}root/*:playForkConfig
Evaluating tasks: *:playForkConfig
Running task... Cancel: sbt.server.ServerTaskCancellation@5e08c43f, check cycles: false
Total time: 0 s, completed 10-Mar-2016 15:20:25
> server-post-command-cleanup
> server-handle-next-server-request
> root/playForkNotifyStart http://localhost:9000
Evaluating tasks: *:playForkNotifyStart
Running task... Cancel: sbt.server.ServerTaskCancellation@29fe948, check cycles: false
Total time: 0 s, completed 10-Mar-2016 15:20:26
> server-post-command-cleanup
> server-handle-next-server-request
> {file:/C:/work/finanalysis-play/}root/*:playForkReload
Evaluating tasks: *:playForkReload
Running task... Cancel: sbt.server.ServerTaskCancellation@73001e8b, check cycles: false

Initial source changes: 
	removed:Set()
	added: Set()
	modified: Set()
Removed products: Set()
External API changes: API Changes: Set()
Modified binary dependencies: Set()
Initial directly invalidated sources: Set()

Sources indirectly invalidated by:
	product: Set()
	binary dep: Set()
	external source: Set()
All initially invalidated sources: Set()

Copy resource mappings: 
	(C:\work\finanalysis-play\conf\application.conf,C:\work\finanalysis-play\target\scala-2.11\classes\application.conf)
	(C:\work\finanalysis-play\conf\evolutions,C:\work\finanalysis-play\target\scala-2.11\classes\evolutions)
	(C:\work\finanalysis-play\conf\logback.xml,C:\work\finanalysis-play\target\scala-2.11\classes\logback.xml)
	(C:\work\finanalysis-play\conf\messages,C:\work\finanalysis-play\target\scala-2.11\classes\messages)
	(C:\work\finanalysis-play\conf\routes,C:\work\finanalysis-play\target\scala-2.11\classes\routes)
	(C:\work\finanalysis-play\conf\evolutions\default,C:\work\finanalysis-play\target\scala-2.11\classes\evolutions\default)
	(C:\work\finanalysis-play\conf\evolutions\default\1.sql,C:\work\finanalysis-play\target\scala-2.11\classes\evolutions\default\1.sql)
Read from stdout: ReactJS compiling on 1 source(s)
ReactJS compiling on 1 source(s)
Total time: 3 s, completed 10-Mar-2016 15:20:31
> server-post-command-cleanup
> server-handle-next-server-request
> {file:/C:/work/finanalysis-play/}root/*:playForkReload
Evaluating tasks: *:playForkReload
Running task... Cancel: sbt.server.ServerTaskCancellation@3760ad2d, check cycles: false

Initial source changes: 
	removed:Set()
	added: Set()
	modified: Set()
Removed products: Set()
External API changes: API Changes: Set()
Modified binary dependencies: Set()
Initial directly invalidated sources: Set()

Sources indirectly invalidated by:
	product: Set()
	binary dep: Set()
	external source: Set()
All initially invalidated sources: Set()

Copy resource mappings: 
	(C:\work\finanalysis-play\conf\application.conf,C:\work\finanalysis-play\target\scala-2.11\classes\application.conf)
	(C:\work\finanalysis-play\conf\evolutions,C:\work\finanalysis-play\target\scala-2.11\classes\evolutions)
	(C:\work\finanalysis-play\conf\logback.xml,C:\work\finanalysis-play\target\scala-2.11\classes\logback.xml)
	(C:\work\finanalysis-play\conf\messages,C:\work\finanalysis-play\target\scala-2.11\classes\messages)
	(C:\work\finanalysis-play\conf\routes,C:\work\finanalysis-play\target\scala-2.11\classes\routes)
	(C:\work\finanalysis-play\conf\evolutions\default,C:\work\finanalysis-play\target\scala-2.11\classes\evolutions\default)
	(C:\work\finanalysis-play\conf\evolutions\default\1.sql,C:\work\finanalysis-play\target\scala-2.11\classes\evolutions\default\1.sql)
Read from stdout: ReactJS compiling on 1 source(s)
ReactJS compiling on 1 source(s)
Total time: 2 s, completed 10-Mar-2016 15:20:55
> server-post-command-cleanup
> server-handle-next-server-request
> {file:/C:/work/finanalysis-play/}root/*:playForkReload
Evaluating tasks: *:playForkReload
Running task... Cancel: sbt.server.ServerTaskCancellation@226b7354, check cycles: false

Initial source changes: 
	removed:Set()
	added: Set()
	modified: Set()
Removed products: Set()
External API changes: API Changes: Set()
Modified binary dependencies: Set()
Initial directly invalidated sources: Set()

Sources indirectly invalidated by:
	product: Set()
	binary dep: Set()
	external source: Set()
All initially invalidated sources: Set()

Copy resource mappings: 
	(C:\work\finanalysis-play\conf\application.conf,C:\work\finanalysis-play\target\scala-2.11\classes\application.conf)
	(C:\work\finanalysis-play\conf\evolutions,C:\work\finanalysis-play\target\scala-2.11\classes\evolutions)
	(C:\work\finanalysis-play\conf\logback.xml,C:\work\finanalysis-play\target\scala-2.11\classes\logback.xml)
	(C:\work\finanalysis-play\conf\messages,C:\work\finanalysis-play\target\scala-2.11\classes\messages)
	(C:\work\finanalysis-play\conf\routes,C:\work\finanalysis-play\target\scala-2.11\classes\routes)
	(C:\work\finanalysis-play\conf\evolutions\default,C:\work\finanalysis-play\target\scala-2.11\classes\evolutions\default)
	(C:\work\finanalysis-play\conf\evolutions\default\1.sql,C:\work\finanalysis-play\target\scala-2.11\classes\evolutions\default\1.sql)
Total time: 2 s, completed 10-Mar-2016 15:20:58
> server-post-command-cleanup
> server-handle-next-server-request
> {file:/C:/work/finanalysis-play/}root/*:playForkConfig
Evaluating tasks: *:playForkConfig
Running task... Cancel: sbt.server.ServerTaskCancellation@4ff781a2, check cycles: false
Total time: 0 s, completed 10-Mar-2016 15:22:40
> server-post-command-cleanup
> server-handle-next-server-request
> root/playForkNotifyStart http://localhost:9000
Evaluating tasks: *:playForkNotifyStart
Running task... Cancel: sbt.server.ServerTaskCancellation@4e452849, check cycles: false
Total time: 0 s, completed 10-Mar-2016 15:22:40
> server-post-command-cleanup
> server-handle-next-server-request
> {file:/C:/work/finanalysis-play/}root/*:playForkReload
Evaluating tasks: *:playForkReload
Running task... Cancel: sbt.server.ServerTaskCancellation@339ced00, check cycles: false

Initial source changes: 
	removed:Set()
	added: Set()
	modified: Set()
Removed products: Set()
External API changes: API Changes: Set()
Modified binary dependencies: Set()
Initial directly invalidated sources: Set()

Sources indirectly invalidated by:
	product: Set()
	binary dep: Set()
	external source: Set()
All initially invalidated sources: Set()

Copy resource mappings: 
	(C:\work\finanalysis-play\conf\application.conf,C:\work\finanalysis-play\target\scala-2.11\classes\application.conf)
	(C:\work\finanalysis-play\conf\evolutions,C:\work\finanalysis-play\target\scala-2.11\classes\evolutions)
	(C:\work\finanalysis-play\conf\logback.xml,C:\work\finanalysis-play\target\scala-2.11\classes\logback.xml)
	(C:\work\finanalysis-play\conf\messages,C:\work\finanalysis-play\target\scala-2.11\classes\messages)
	(C:\work\finanalysis-play\conf\routes,C:\work\finanalysis-play\target\scala-2.11\classes\routes)
	(C:\work\finanalysis-play\conf\evolutions\default,C:\work\finanalysis-play\target\scala-2.11\classes\evolutions\default)
	(C:\work\finanalysis-play\conf\evolutions\default\1.sql,C:\work\finanalysis-play\target\scala-2.11\classes\evolutions\default\1.sql)
Read from stdout: ReactJS compiling on 1 source(s)
ReactJS compiling on 1 source(s)
Total time: 2 s, completed 10-Mar-2016 15:22:44
> server-post-command-cleanup
> server-handle-next-server-request
> {file:/C:/work/finanalysis-play/}root/*:playForkReload
Evaluating tasks: *:playForkReload
Running task... Cancel: sbt.server.ServerTaskCancellation@399daa13, check cycles: false

Initial source changes: 
	removed:Set()
	added: Set()
	modified: Set()
Removed products: Set()
External API changes: API Changes: Set()
Modified binary dependencies: Set()
Initial directly invalidated sources: Set()

Sources indirectly invalidated by:
	product: Set()
	binary dep: Set()
	external source: Set()
All initially invalidated sources: Set()

Copy resource mappings: 
	(C:\work\finanalysis-play\conf\application.conf,C:\work\finanalysis-play\target\scala-2.11\classes\application.conf)
	(C:\work\finanalysis-play\conf\evolutions,C:\work\finanalysis-play\target\scala-2.11\classes\evolutions)
	(C:\work\finanalysis-play\conf\logback.xml,C:\work\finanalysis-play\target\scala-2.11\classes\logback.xml)
	(C:\work\finanalysis-play\conf\messages,C:\work\finanalysis-play\target\scala-2.11\classes\messages)
	(C:\work\finanalysis-play\conf\routes,C:\work\finanalysis-play\target\scala-2.11\classes\routes)
	(C:\work\finanalysis-play\conf\evolutions\default,C:\work\finanalysis-play\target\scala-2.11\classes\evolutions\default)
	(C:\work\finanalysis-play\conf\evolutions\default\1.sql,C:\work\finanalysis-play\target\scala-2.11\classes\evolutions\default\1.sql)
Read from stdout: ReactJS compiling on 1 source(s)
ReactJS compiling on 1 source(s)
Total time: 2 s, completed 10-Mar-2016 15:23:22
> server-post-command-cleanup
> server-handle-next-server-request
> {file:/C:/work/finanalysis-play/}root/*:playForkReload
Evaluating tasks: *:playForkReload
Running task... Cancel: sbt.server.ServerTaskCancellation@47ef665d, check cycles: false

Initial source changes: 
	removed:Set()
	added: Set()
	modified: Set()
Removed products: Set()
External API changes: API Changes: Set()
Modified binary dependencies: Set()
Initial directly invalidated sources: Set()

Sources indirectly invalidated by:
	product: Set()
	binary dep: Set()
	external source: Set()
All initially invalidated sources: Set()

Copy resource mappings: 
	(C:\work\finanalysis-play\conf\application.conf,C:\work\finanalysis-play\target\scala-2.11\classes\application.conf)
	(C:\work\finanalysis-play\conf\evolutions,C:\work\finanalysis-play\target\scala-2.11\classes\evolutions)
	(C:\work\finanalysis-play\conf\logback.xml,C:\work\finanalysis-play\target\scala-2.11\classes\logback.xml)
	(C:\work\finanalysis-play\conf\messages,C:\work\finanalysis-play\target\scala-2.11\classes\messages)
	(C:\work\finanalysis-play\conf\routes,C:\work\finanalysis-play\target\scala-2.11\classes\routes)
	(C:\work\finanalysis-play\conf\evolutions\default,C:\work\finanalysis-play\target\scala-2.11\classes\evolutions\default)
	(C:\work\finanalysis-play\conf\evolutions\default\1.sql,C:\work\finanalysis-play\target\scala-2.11\classes\evolutions\default\1.sql)
Read from stdout: ReactJS compiling on 1 source(s)
ReactJS compiling on 1 source(s)
Total time: 2 s, completed 10-Mar-2016 15:23:39
> server-post-command-cleanup
> server-handle-next-server-request
> {file:/C:/work/finanalysis-play/}root/*:playForkReload
Evaluating tasks: *:playForkReload
Running task... Cancel: sbt.server.ServerTaskCancellation@3fb411a4, check cycles: false

Initial source changes: 
	removed:Set()
	added: Set()
	modified: Set()
Removed products: Set()
External API changes: API Changes: Set()
Modified binary dependencies: Set()
Initial directly invalidated sources: Set()

Sources indirectly invalidated by:
	product: Set()
	binary dep: Set()
	external source: Set()
All initially invalidated sources: Set()

Copy resource mappings: 
	(C:\work\finanalysis-play\conf\application.conf,C:\work\finanalysis-play\target\scala-2.11\classes\application.conf)
	(C:\work\finanalysis-play\conf\evolutions,C:\work\finanalysis-play\target\scala-2.11\classes\evolutions)
	(C:\work\finanalysis-play\conf\logback.xml,C:\work\finanalysis-play\target\scala-2.11\classes\logback.xml)
	(C:\work\finanalysis-play\conf\messages,C:\work\finanalysis-play\target\scala-2.11\classes\messages)
	(C:\work\finanalysis-play\conf\routes,C:\work\finanalysis-play\target\scala-2.11\classes\routes)
	(C:\work\finanalysis-play\conf\evolutions\default,C:\work\finanalysis-play\target\scala-2.11\classes\evolutions\default)
	(C:\work\finanalysis-play\conf\evolutions\default\1.sql,C:\work\finanalysis-play\target\scala-2.11\classes\evolutions\default\1.sql)
Total time: 2 s, completed 10-Mar-2016 15:23:41
> server-post-command-cleanup
> server-handle-next-server-request
> {file:/C:/work/finanalysis-play/}root/*:playForkReload
Evaluating tasks: *:playForkReload
Running task... Cancel: sbt.server.ServerTaskCancellation@7efe834c, check cycles: false

Initial source changes: 
	removed:Set()
	added: Set()
	modified: Set()
Removed products: Set()
External API changes: API Changes: Set()
Modified binary dependencies: Set()
Initial directly invalidated sources: Set()

Sources indirectly invalidated by:
	product: Set()
	binary dep: Set()
	external source: Set()
All initially invalidated sources: Set()

Copy resource mappings: 
	(C:\work\finanalysis-play\conf\application.conf,C:\work\finanalysis-play\target\scala-2.11\classes\application.conf)
	(C:\work\finanalysis-play\conf\evolutions,C:\work\finanalysis-play\target\scala-2.11\classes\evolutions)
	(C:\work\finanalysis-play\conf\logback.xml,C:\work\finanalysis-play\target\scala-2.11\classes\logback.xml)
	(C:\work\finanalysis-play\conf\messages,C:\work\finanalysis-play\target\scala-2.11\classes\messages)
	(C:\work\finanalysis-play\conf\routes,C:\work\finanalysis-play\target\scala-2.11\classes\routes)
	(C:\work\finanalysis-play\conf\evolutions\default,C:\work\finanalysis-play\target\scala-2.11\classes\evolutions\default)
	(C:\work\finanalysis-play\conf\evolutions\default\1.sql,C:\work\finanalysis-play\target\scala-2.11\classes\evolutions\default\1.sql)
Read from stdout: ReactJS compiling on 1 source(s)
ReactJS compiling on 1 source(s)
Total time: 2 s, completed 10-Mar-2016 15:24:03
> server-post-command-cleanup
> server-handle-next-server-request
> {file:/C:/work/finanalysis-play/}root/*:playForkReload
Evaluating tasks: *:playForkReload
Running task... Cancel: sbt.server.ServerTaskCancellation@54948985, check cycles: false

Initial source changes: 
	removed:Set()
	added: Set()
	modified: Set()
Removed products: Set()
External API changes: API Changes: Set()
Modified binary dependencies: Set()
Initial directly invalidated sources: Set()

Sources indirectly invalidated by:
	product: Set()
	binary dep: Set()
	external source: Set()
All initially invalidated sources: Set()

Copy resource mappings: 
	(C:\work\finanalysis-play\conf\application.conf,C:\work\finanalysis-play\target\scala-2.11\classes\application.conf)
	(C:\work\finanalysis-play\conf\evolutions,C:\work\finanalysis-play\target\scala-2.11\classes\evolutions)
	(C:\work\finanalysis-play\conf\logback.xml,C:\work\finanalysis-play\target\scala-2.11\classes\logback.xml)
	(C:\work\finanalysis-play\conf\messages,C:\work\finanalysis-play\target\scala-2.11\classes\messages)
	(C:\work\finanalysis-play\conf\routes,C:\work\finanalysis-play\target\scala-2.11\classes\routes)
	(C:\work\finanalysis-play\conf\evolutions\default,C:\work\finanalysis-play\target\scala-2.11\classes\evolutions\default)
	(C:\work\finanalysis-play\conf\evolutions\default\1.sql,C:\work\finanalysis-play\target\scala-2.11\classes\evolutions\default\1.sql)
Total time: 2 s, completed 10-Mar-2016 15:24:05
> server-post-command-cleanup
> server-handle-next-server-request
> {file:/C:/work/finanalysis-play/}root/*:playForkReload
Evaluating tasks: *:playForkReload
Running task... Cancel: sbt.server.ServerTaskCancellation@c32e26e, check cycles: false

Initial source changes: 
	removed:Set()
	added: Set()
	modified: Set(C:\work\finanalysis-play\app\controllers\Finanalysis.scala)
Removed products: Set()
External API changes: API Changes: Set()
Modified binary dependencies: Set()
Initial directly invalidated sources: Set(C:\work\finanalysis-play\app\controllers\Finanalysis.scala)

Sources indirectly invalidated by:
	product: Set()
	binary dep: Set()
	external source: Set()
All initially invalidated sources: Set(C:\work\finanalysis-play\app\controllers\Finanalysis.scala)

Read from stdout: Compiling 1 Scala source to C:\work\finanalysis-play\target\scala-2.11\classes...
Compiling 1 Scala source to C:\work\finanalysis-play\target\scala-2.11\classes...
Getting compiler-interface from component compiler for Scala 2.11.7
Other repositories:
Default repositories:
Getting compiler-interface from component compiler for Scala 2.11.7
Other repositories:
Default repositories:
Running cached compiler 38e35eff, interfacing (CompilerInterface) with Scala compiler version 2.11.7
Calling Scala compiler with arguments  (CompilerInterface):
	-deprecation
	-unchecked
	-encoding
	utf8
	-bootclasspath
	C:\Program Files\Java\jdk1.8.0_45\jre\lib\resources.jar;C:\Program Files\Java\jdk1.8.0_45\jre\lib\rt.jar;C:\Program Files\Java\jdk1.8.0_45\jre\lib\sunrsasign.jar;C:\Program Files\Java\jdk1.8.0_45\jre\lib\jsse.jar;C:\Program Files\Java\jdk1.8.0_45\jre\lib\jce.jar;C:\Program Files\Java\jdk1.8.0_45\jre\lib\charsets.jar;C:\Program Files\Java\jdk1.8.0_45\jre\lib\jfr.jar;C:\Program Files\Java\jdk1.8.0_45\jre\classes;C:\Users\jsmith\.ivy2\cache\org.scala-lang\scala-library\jars\scala-library-2.11.7.jar
	-classpath
	C:\work\finanalysis-play\target\scala-2.11\classes;C:\Tools\activator-dist-1.3.5\repository\com.typesafe.play\twirl-api_2.11\1.1.1\jars\twirl-api_2.11.jar;C:\Tools\activator-dist-1.3.5\repository\org.apache.commons\commons-lang3\3.4\jars\commons-lang3.jar;C:\Users\jsmith\.ivy2\cache\org.scala-lang.modules\scala-xml_2.11\bundles\scala-xml_2.11-1.0.1.jar;C:\Users\jsmith\.ivy2\cache\com.typesafe.play\play-server_2.11\jars\play-server_2.11-2.4.3.jar;C:\Users\jsmith\.ivy2\cache\com.typesafe.play\play_2.11\jars\play_2.11-2.4.3.jar;C:\Users\jsmith\.ivy2\cache\com.typesafe.play\build-link\jars\build-link-2.4.3.jar;C:\Users\jsmith\.ivy2\cache\com.typesafe.play\play-exceptions\jars\play-exceptions-2.4.3.jar;C:\Tools\activator-dist-1.3.5\repository\org.javassist\javassist\3.19.0-GA\bundles\javassist.jar;C:\Users\jsmith\.ivy2\cache\com.typesafe.play\play-iteratees_2.11\jars\play-iteratees_2.11-2.4.3.jar;C:\Users\jsmith\.ivy2\cache\org.scala-stm\scala-stm_2.11\jars\scala-stm_2.11-0.7.jar;C:\Tools\activator-dist-1.3.5\repository\com.typesafe\config\1.3.0\bundles\config.jar;C:\Users\jsmith\.ivy2\cache\com.typesafe.play\play-json_2.11\jars\play-json_2.11-2.4.3.jar;C:\Users\jsmith\.ivy2\cache\com.typesafe.play\play-functional_2.11\jars\play-functional_2.11-2.4.3.jar;C:\Users\jsmith\.ivy2\cache\com.typesafe.play\play-datacommons_2.11\jars\play-datacommons_2.11-2.4.3.jar;C:\Users\jsmith\.ivy2\cache\joda-time\joda-time\jars\joda-time-2.8.1.jar;C:\Tools\activator-dist-1.3.5\repository\org.joda\joda-convert\1.7\jars\joda-convert.jar;C:\Users\jsmith\.ivy2\cache\org.scala-lang\scala-reflect\jars\scala-reflect-2.11.6.jar;C:\Users\jsmith\.ivy2\cache\com.fasterxml.jackson.core\jackson-core\bundles\jackson-core-2.5.4.jar;C:\Users\jsmith\.ivy2\cache\com.fasterxml.jackson.core\jackson-annotations\bundles\jackson-annotations-2.5.4.jar;C:\Users\jsmith\.ivy2\cache\com.fasterxml.jackson.core\jackson-databind\bundles\jackson-databind-2.5.4.jar;C:\Users\jsmith\.ivy2\cache\com.fasterxml.jackson.datatype\jackson-datatype-jdk8\bundles\jackson-datatype-jdk8-2.5.4.jar;C:\Users\jsmith\.ivy2\cache\com.fasterxml.jackson.datatype\jackson-datatype-jsr310\bundles\jackson-datatype-jsr310-2.5.4.jar;C:\Users\jsmith\.ivy2\cache\com.typesafe.play\play-netty-utils\jars\play-netty-utils-2.4.3.jar;C:\Tools\activator-dist-1.3.5\repository\org.slf4j\slf4j-api\1.7.12\jars\slf4j-api.jar;C:\Tools\activator-dist-1.3.5\repository\org.slf4j\jul-to-slf4j\1.7.12\jars\jul-to-slf4j.jar;C:\Tools\activator-dist-1.3.5\repository\org.slf4j\jcl-over-slf4j\1.7.12\jars\jcl-over-slf4j.jar;C:\Users\jsmith\.ivy2\cache\org.scala-lang.modules\scala-parser-combinators_2.11\bundles\scala-parser-combinators_2.11-1.0.1.jar;C:\Tools\activator-dist-1.3.5\repository\ch.qos.logback\logback-core\1.1.3\jars\logback-core.jar;C:\Tools\activator-dist-1.3.5\repository\ch.qos.logback\logback-classic\1.1.3\jars\logback-classic.jar;C:\Users\jsmith\.ivy2\cache\com.typesafe.akka\akka-actor_2.11\jars\akka-actor_2.11-2.3.13.jar;C:\Users\jsmith\.ivy2\cache\com.typesafe.akka\akka-slf4j_2.11\jars\akka-slf4j_2.11-2.3.13.jar;C:\Tools\activator-dist-1.3.5\repository\commons-codec\commons-codec\1.10\jars\commons-codec.jar;C:\Users\jsmith\.ivy2\cache\xerces\xercesImpl\jars\xercesImpl-2.11.0.jar;C:\Users\jsmith\.ivy2\cache\xml-apis\xml-apis\jars\xml-apis-1.4.01.jar;C:\Users\jsmith\.ivy2\cache\javax.transaction\jta\jars\jta-1.1.jar;C:\Tools\activator-dist-1.3.5\repository\com.google.inject\guice\4.0\jars\guice.jar;C:\Tools\activator-dist-1.3.5\repository\javax.inject\javax.inject\1\jars\javax.inject.jar;C:\Tools\activator-dist-1.3.5\repository\aopalliance\aopalliance\1.0\jars\aopalliance.jar;C:\Users\jsmith\.ivy2\cache\com.google.guava\guava\bundles\guava-16.0.1.jar;C:\Tools\activator-dist-1.3.5\repository\com.google.inject.extensions\guice-assistedinject\4.0\jars\guice-assistedinject.jar;C:\Users\jsmith\.ivy2\cache\com.typesafe.play\play-netty-server_2.11\jars\play-netty-server_2.11-2.4.3.jar;C:\Users\jsmith\.ivy2\cache\io.netty\netty\bundles\netty-3.10.4.Final.jar;C:\Tools\activator-dist-1.3.5\repository\com.typesafe.netty\netty-http-pipelining\1.1.4\jars\netty-http-pipelining.jar;C:\Users\jsmith\.ivy2\cache\com.typesafe.play\play-slick_2.11\jars\play-slick_2.11-1.1.0.jar;C:\Users\jsmith\.ivy2\cache\com.typesafe.slick\slick_2.11\bundles\slick_2.11-3.1.0.jar;C:\Tools\activator-dist-1.3.5\repository\org.reactivestreams\reactive-streams\1.0.0\jars\reactive-streams.jar;C:\Users\jsmith\.ivy2\cache\com.typesafe.slick\slick-hikaricp_2.11\bundles\slick-hikaricp_2.11-3.1.0.jar;C:\Users\jsmith\.ivy2\cache\com.zaxxer\HikariCP-java6\bundles\HikariCP-java6-2.3.7.jar;C:\Tools\activator-dist-1.3.5\repository\com.typesafe.play\play-jdbc-api_2.11\2.4.0\jars\play-jdbc-api_2.11.jar;C:\Users\jsmith\.ivy2\cache\com.typesafe.play\play-slick-evolutions_2.11\jars\play-slick-evolutions_2.11-1.1.0.jar;C:\Users\jsmith\.ivy2\cache\com.typesafe.play\play-jdbc-evolutions_2.11\jars\play-jdbc-evolutions_2.11-2.4.0.jar;C:\Users\jsmith\.ivy2\cache\com.h2database\h2\jars\h2-1.4.177.jar;C:\Users\jsmith\.ivy2\cache\org.apache.poi\poi\jars\poi-3.14-beta1.jar;C:\Users\jsmith\.ivy2\cache\org.apache.poi\poi-excelant\jars\poi-excelant-3.14-beta1.jar;C:\Users\jsmith\.ivy2\cache\org.apache.poi\poi-ooxml\jars\poi-ooxml-3.14-beta1.jar;C:\Users\jsmith\.ivy2\cache\org.apache.poi\poi-ooxml-schemas\jars\poi-ooxml-schemas-3.14-beta1.jar;C:\Users\jsmith\.ivy2\cache\org.apache.xmlbeans\xmlbeans\jars\xmlbeans-2.6.0.jar;C:\Users\jsmith\.ivy2\cache\stax\stax-api\jars\stax-api-1.0.1.jar;C:\Users\jsmith\.ivy2\cache\com.github.virtuald\curvesapi\jars\curvesapi-1.03.jar;C:\Users\jsmith\.ivy2\cache\org.apache.ant\ant\jars\ant-1.8.2.jar;C:\Users\jsmith\.ivy2\cache\org.apache.ant\ant-launcher\jars\ant-launcher-1.8.2.jar;C:\Users\jsmith\.ivy2\cache\org.clapper\grizzled-slf4j_2.10\jars\grizzled-slf4j_2.10-1.0.2.jar;C:\Tools\activator-dist-1.3.5\repository\com.typesafe.play\anorm_2.11\2.4.0\jars\anorm_2.11.jar;C:\Tools\activator-dist-1.3.5\repository\com.typesafe.play\anorm-tokenizer_2.11\2.4.0\jars\anorm-tokenizer_2.11.jar;C:\Users\jsmith\.ivy2\cache\com.jsuereth\scala-arm_2.11\jars\scala-arm_2.11-1.4.jar;C:\Users\jsmith\.ivy2\cache\org.scala-lang.plugins\scala-continuations-library_2.11\bundles\scala-continuations-library_2.11-1.0.1.jar;C:\Users\jsmith\.ivy2\cache\org.webjars\webjars-play_2.11\jars\webjars-play_2.11-2.4.0-1.jar;C:\Users\jsmith\.ivy2\cache\org.webjars\requirejs\jars\requirejs-2.1.15.jar;C:\Users\jsmith\.ivy2\cache\org.webjars\webjars-locator\jars\webjars-locator-0.23.jar;C:\Users\jsmith\.ivy2\cache\org.webjars\webjars-locator-core\jars\webjars-locator-core-0.22.jar;C:\Users\jsmith\.ivy2\cache\org.webjars\bootstrap\jars\bootstrap-3.1.1-2.jar;C:\Users\jsmith\.ivy2\cache\org.webjars\jquery\jars\jquery-1.11.1.jar;C:\Users\jsmith\.ivy2\cache\org.webjars\flat-ui\jars\flat-ui-bcaf2de95e.jar;C:\Users\jsmith\.ivy2\cache\org.webjars\jquery-tagsinput\jars\jquery-tagsinput-1.3.2.jar;C:\Users\jsmith\.ivy2\cache\org.webjars\jquery-placeholder\jars\jquery-placeholder-2.0.7.jar;C:\Users\jsmith\.ivy2\cache\org.webjars\jquery-dropkick\jars\jquery-dropkick-1.0.0.jar;C:\Users\jsmith\.ivy2\cache\org.webjars\jquery-ui\jars\jquery-ui-1.10.2-1.jar;C:\Users\jsmith\.ivy2\cache\org.webjars\html5shiv\jars\html5shiv-3.6.2.jar;C:\Users\jsmith\.ivy2\cache\org.webjars\react\jars\react-0.13.3.jar;C:\Users\jsmith\.ivy2\cache\org.webjars\marked\jars\marked-0.3.2.jar
Scala compilation took 3.297661153 s
New invalidations:
	Set()
Initial set of included nodes: Set()
Previously invalidated, but (transitively) depend on new invalidations:
	Set()
All newly invalidated sources after taking into account (previously) recompiled sources:Set()
Copy resource mappings: 
	(C:\work\finanalysis-play\conf\application.conf,C:\work\finanalysis-play\target\scala-2.11\classes\application.conf)
	(C:\work\finanalysis-play\conf\evolutions,C:\work\finanalysis-play\target\scala-2.11\classes\evolutions)
	(C:\work\finanalysis-play\conf\logback.xml,C:\work\finanalysis-play\target\scala-2.11\classes\logback.xml)
	(C:\work\finanalysis-play\conf\messages,C:\work\finanalysis-play\target\scala-2.11\classes\messages)
	(C:\work\finanalysis-play\conf\routes,C:\work\finanalysis-play\target\scala-2.11\classes\routes)
	(C:\work\finanalysis-play\conf\evolutions\default,C:\work\finanalysis-play\target\scala-2.11\classes\evolutions\default)
	(C:\work\finanalysis-play\conf\evolutions\default\1.sql,C:\work\finanalysis-play\target\scala-2.11\classes\evolutions\default\1.sql)
Total time: 4 s, completed 10-Mar-2016 15:24:49
> server-post-command-cleanup
> server-handle-next-server-request
> {file:/C:/work/finanalysis-play/}root/*:playForkReload
Evaluating tasks: *:playForkReload
Running task... Cancel: sbt.server.ServerTaskCancellation@76c7819b, check cycles: false

Initial source changes: 
	removed:Set()
	added: Set()
	modified: Set()
Removed products: Set()
External API changes: API Changes: Set()
Modified binary dependencies: Set()
Initial directly invalidated sources: Set()

Sources indirectly invalidated by:
	product: Set()
	binary dep: Set()
	external source: Set()
All initially invalidated sources: Set()

Copy resource mappings: 
	(C:\work\finanalysis-play\conf\application.conf,C:\work\finanalysis-play\target\scala-2.11\classes\application.conf)
	(C:\work\finanalysis-play\conf\evolutions,C:\work\finanalysis-play\target\scala-2.11\classes\evolutions)
	(C:\work\finanalysis-play\conf\logback.xml,C:\work\finanalysis-play\target\scala-2.11\classes\logback.xml)
	(C:\work\finanalysis-play\conf\messages,C:\work\finanalysis-play\target\scala-2.11\classes\messages)
	(C:\work\finanalysis-play\conf\routes,C:\work\finanalysis-play\target\scala-2.11\classes\routes)
	(C:\work\finanalysis-play\conf\evolutions\default,C:\work\finanalysis-play\target\scala-2.11\classes\evolutions\default)
	(C:\work\finanalysis-play\conf\evolutions\default\1.sql,C:\work\finanalysis-play\target\scala-2.11\classes\evolutions\default\1.sql)
Total time: 2 s, completed 10-Mar-2016 15:24:52
> server-post-command-cleanup
> server-handle-next-server-request
Done executing sbt server engine, result Right(Exit(0))
Closing listening server socket
Waiting for socket thread
Waiting for request processor thread
Waiting for command engine result
Returning control to sbt launcher with result Exit(0)
Closing the 6576@JSMITH-WPC logs at Thu Mar 10 15:25:39 GMT 2016, goodbye.
